#
# There is insufficient memory for the Java Runtime Environment to continue.
# Native memory allocation (malloc) failed to allocate 1565616 bytes for Chunk::new
# Possible reasons:
#   The system is out of physical RAM or swap space
#   The process is running with CompressedOops enabled, and the Java Heap may be blocking the growth of the native heap
# Possible solutions:
#   Reduce memory load on the system
#   Increase physical memory or swap space
#   Check if swap backing store is full
#   Decrease Java heap size (-Xmx/-Xms)
#   Decrease number of Java threads
#   Decrease Java thread stack sizes (-Xss)
#   Set larger code cache with -XX:ReservedCodeCacheSize=
#   JVM is running with Unscaled Compressed Oops mode in which the Java heap is
#     placed in the first 4GB address space. The Java Heap base address is the
#     maximum limit for the native heap growth. Please use -XX:HeapBaseMinAddress
#     to set the Java Heap base and to place the Java Heap above 4GB virtual address.
# This output file may be truncated or incomplete.
#
#  Out of Memory Error (t:/workspace/open/src/hotspot/share/memory/arena.cpp:197), pid=16340, tid=3112
#
# JRE version: Java(TM) SE Runtime Environment (12.0.1+12) (build 12.0.1+12)
# Java VM: Java HotSpot(TM) 64-Bit Server VM (12.0.1+12, mixed mode, sharing, tiered, compressed oops, g1 gc, windows-amd64)
# No core dump will be written. Minidumps are not enabled by default on client versions of Windows
#

---------------  S U M M A R Y ------------

Command Line: --add-opens=java.base/java.util=ALL-UNNAMED --add-opens=java.base/java.lang=ALL-UNNAMED --add-opens=java.base/java.lang.invoke=ALL-UNNAMED --add-opens=java.prefs/java.util.prefs=ALL-UNNAMED -XX:MaxMetaspaceSize=256m -XX:+HeapDumpOnOutOfMemoryError -Xms256m -Xmx512m -Dfile.encoding=x-windows-949 -Duser.country=KR -Duser.language=ko -Duser.variant org.gradle.launcher.daemon.bootstrap.GradleDaemon 6.0.1

Host: Intel(R) Core(TM) i7-6700 CPU @ 3.40GHz, 8 cores, 7G,  Windows 10 , 64 bit Build 17134 (10.0.17134.1425)
Time: Wed Jun 17 15:58:09 2020 ¢¥eCN©öI¡¾©ö C¡ÍA¨ª¨öA elapsed time: 17 seconds (0d 0h 0m 17s)

---------------  T H R E A D  ---------------

Current thread (0x00000177a477d000):  JavaThread "C2 CompilerThread0" daemon [_thread_in_native, id=3112, stack(0x0000006c6f500000,0x0000006c6f600000)]


Current CompileTask:
C2:  17692 4953   !   4       com.sun.beans.TypeResolver::resolve (261 bytes)

Stack: [0x0000006c6f500000,0x0000006c6f600000]
Native frames: (J=compiled Java code, j=interpreted, Vv=VM code, C=native code)
V  [jvm.dll+0x63948a]
V  [jvm.dll+0x78b31f]
V  [jvm.dll+0x78c9c1]
V  [jvm.dll+0x78d013]
V  [jvm.dll+0x262138]
V  [jvm.dll+0xc582c]
V  [jvm.dll+0xc5dac]
V  [jvm.dll+0x3796a7]
V  [jvm.dll+0x1aee00]
V  [jvm.dll+0x21c142]
V  [jvm.dll+0x21b20a]
V  [jvm.dll+0x199890]
V  [jvm.dll+0x22a534]
V  [jvm.dll+0x228b88]
V  [jvm.dll+0x74f660]
V  [jvm.dll+0x748648]
V  [jvm.dll+0x638566]
C  [ucrtbase.dll+0x1e3fe]
C  [KERNEL32.DLL+0x14034]
C  [ntdll.dll+0x73691]


---------------  P R O C E S S  ---------------

Threads class SMR info:
_java_thread_list=0x00000177a79ba060, length=37, elements={
0x00000177892f0800, 0x00000177a4753000, 0x00000177a4759800, 0x00000177a477b000,
0x00000177a477b800, 0x00000177a477d000, 0x00000177a4794800, 0x00000177a479e000,
0x00000177a50cd800, 0x00000177a50d2000, 0x00000177a6b5a800, 0x00000177a5bb6800,
0x00000177a6026000, 0x00000177a610e800, 0x00000177a6bc4800, 0x00000177a6bc5000,
0x00000177a6a4a000, 0x00000177a695a800, 0x00000177a6a18800, 0x00000177a6bf3800,
0x00000177a7370000, 0x00000177a7370800, 0x00000177a736f000, 0x00000177a736e000,
0x00000177a710d000, 0x00000177a710c000, 0x00000177a7107800, 0x00000177a710e000,
0x00000177a7108000, 0x00000177a7109000, 0x00000177a7109800, 0x00000177a710a800,
0x00000177a710b800, 0x00000177aa2ea800, 0x00000177aa2ed000, 0x00000177aa2ee000,
0x00000177a6f45000
}

Java Threads: ( => current thread )
  0x00000177892f0800 JavaThread "main" [_thread_blocked, id=24248, stack(0x0000006c6ea00000,0x0000006c6eb00000)]
  0x00000177a4753000 JavaThread "Reference Handler" daemon [_thread_blocked, id=18524, stack(0x0000006c6f100000,0x0000006c6f200000)]
  0x00000177a4759800 JavaThread "Finalizer" daemon [_thread_blocked, id=25380, stack(0x0000006c6f200000,0x0000006c6f300000)]
  0x00000177a477b000 JavaThread "Signal Dispatcher" daemon [_thread_blocked, id=23608, stack(0x0000006c6f300000,0x0000006c6f400000)]
  0x00000177a477b800 JavaThread "Attach Listener" daemon [_thread_blocked, id=20596, stack(0x0000006c6f400000,0x0000006c6f500000)]
=>0x00000177a477d000 JavaThread "C2 CompilerThread0" daemon [_thread_in_native, id=3112, stack(0x0000006c6f500000,0x0000006c6f600000)]
  0x00000177a4794800 JavaThread "C1 CompilerThread0" daemon [_thread_in_native, id=9376, stack(0x0000006c6f600000,0x0000006c6f700000)]
  0x00000177a479e000 JavaThread "Sweeper thread" daemon [_thread_blocked, id=16916, stack(0x0000006c6f700000,0x0000006c6f800000)]
  0x00000177a50cd800 JavaThread "Common-Cleaner" daemon [_thread_blocked, id=10972, stack(0x0000006c6f800000,0x0000006c6f900000)]
  0x00000177a50d2000 JavaThread "Service Thread" daemon [_thread_blocked, id=19360, stack(0x0000006c6f900000,0x0000006c6fa00000)]
  0x00000177a6b5a800 JavaThread "Daemon health stats" [_thread_blocked, id=10328, stack(0x0000006c70100000,0x0000006c70200000)]
  0x00000177a5bb6800 JavaThread "Incoming local TCP Connector on port 61800" [_thread_in_native, id=22648, stack(0x0000006c6fb00000,0x0000006c6fc00000)]
  0x00000177a6026000 JavaThread "Daemon periodic checks" [_thread_blocked, id=968, stack(0x0000006c70200000,0x0000006c70300000)]
  0x00000177a610e800 JavaThread "Daemon" [_thread_blocked, id=22728, stack(0x0000006c70300000,0x0000006c70400000)]
  0x00000177a6bc4800 JavaThread "Handler for socket connection from /127.0.0.1:61800 to /127.0.0.1:61801" [_thread_in_native, id=25168, stack(0x0000006c70400000,0x0000006c70500000)]
  0x00000177a6bc5000 JavaThread "Cancel handler" [_thread_blocked, id=17300, stack(0x0000006c70500000,0x0000006c70600000)]
  0x00000177a6a4a000 JavaThread "Daemon worker" [_thread_in_native, id=20392, stack(0x0000006c70600000,0x0000006c70700000)]
  0x00000177a695a800 JavaThread "Asynchronous log dispatcher for DefaultDaemonConnection: socket connection from /127.0.0.1:61800 to /127.0.0.1:61801" [_thread_blocked, id=15196, stack(0x0000006c70800000,0x0000006c70900000)]
  0x00000177a6a18800 JavaThread "Stdin handler" [_thread_blocked, id=1124, stack(0x0000006c70900000,0x0000006c70a00000)]
  0x00000177a6bf3800 JavaThread "Thread-8" [_thread_blocked, id=6336, stack(0x0000006c70a00000,0x0000006c70b00000)]
  0x00000177a7370000 JavaThread "Cache worker for file hash cache (C:\Users\M\.gradle\caches\6.0.1\fileHashes)" [_thread_blocked, id=22976, stack(0x0000006c70b00000,0x0000006c70c00000)]
  0x00000177a7370800 JavaThread "File lock request listener" [_thread_in_native, id=24880, stack(0x0000006c70c00000,0x0000006c70d00000)]
  0x00000177a736f000 JavaThread "Cache worker for journal cache (C:\Users\M\.gradle\caches\journal-1)" [_thread_blocked, id=10392, stack(0x0000006c70d00000,0x0000006c70e00000)]
  0x00000177a736e000 JavaThread "Cache worker for file hash cache (C:\Users\M\Desktop\application\SampleApp\android\.gradle\6.0.1\fileHashes)" [_thread_blocked, id=21164, stack(0x0000006c70e00000,0x0000006c70f00000)]
  0x00000177a710d000 JavaThread "Cache worker for cache directory md-supplier (C:\Users\M\.gradle\caches\6.0.1\md-supplier)" [_thread_blocked, id=8456, stack(0x0000006c71300000,0x0000006c71400000)]
  0x00000177a710c000 JavaThread "Cache worker for cache directory md-rule (C:\Users\M\.gradle\caches\6.0.1\md-rule)" [_thread_blocked, id=22216, stack(0x0000006c70700000,0x0000006c70800000)]
  0x00000177a7107800 JavaThread "Cache worker for execution history cache (C:\Users\M\.gradle\caches\6.0.1\executionHistory)" [_thread_blocked, id=2840, stack(0x0000006c70f00000,0x0000006c71000000)]
  0x00000177a710e000 JavaThread "Build operations" [_thread_blocked, id=19868, stack(0x0000006c71500000,0x0000006c71600000)]
  0x00000177a7108000 JavaThread "Build operations Thread 2" [_thread_blocked, id=17208, stack(0x0000006c71600000,0x0000006c71700000)]
  0x00000177a7109000 JavaThread "Build operations Thread 3" [_thread_blocked, id=16036, stack(0x0000006c71700000,0x0000006c71800000)]
  0x00000177a7109800 JavaThread "Build operations Thread 4" [_thread_blocked, id=12020, stack(0x0000006c71800000,0x0000006c71900000)]
  0x00000177a710a800 JavaThread "Build operations Thread 5" [_thread_blocked, id=21176, stack(0x0000006c71900000,0x0000006c71a00000)]
  0x00000177a710b800 JavaThread "Build operations Thread 6" [_thread_blocked, id=21976, stack(0x0000006c71a00000,0x0000006c71b00000)]
  0x00000177aa2ea800 JavaThread "Build operations Thread 7" [_thread_blocked, id=19404, stack(0x0000006c71b00000,0x0000006c71c00000)]
  0x00000177aa2ed000 JavaThread "Build operations Thread 8" [_thread_blocked, id=22280, stack(0x0000006c71c00000,0x0000006c71d00000)]
  0x00000177aa2ee000 JavaThread "Cache worker for Build Output Cleanup Cache (C:\Users\M\Desktop\application\SampleApp\android\.gradle\buildOutputCleanup)" [_thread_blocked, id=25448, stack(0x0000006c71400000,0x0000006c71500000)]
  0x00000177a6f45000 JavaThread "C2 CompilerThread1" daemon [_thread_in_native, id=21468, stack(0x0000006c71d00000,0x0000006c71e00000)]

Other Threads:
  0x00000177a474b800 VMThread "VM Thread" [stack: 0x0000006c6f000000,0x0000006c6f100000] [id=21296]
  0x00000177a50d3800 WatcherThread [stack: 0x0000006c6fa00000,0x0000006c6fb00000] [id=17668]
  0x0000017789315000 GCTaskThread "GC Thread#0" [stack: 0x0000006c6eb00000,0x0000006c6ec00000] [id=10596]
  0x00000177a5d5f000 GCTaskThread "GC Thread#1" [stack: 0x0000006c6fc00000,0x0000006c6fd00000] [id=12128]
  0x00000177a5c18000 GCTaskThread "GC Thread#2" [stack: 0x0000006c6fd00000,0x0000006c6fe00000] [id=21432]
  0x00000177a537a800 GCTaskThread "GC Thread#3" [stack: 0x0000006c6fe00000,0x0000006c6ff00000] [id=10244]
  0x00000177a5dc9800 GCTaskThread "GC Thread#4" [stack: 0x0000006c6ff00000,0x0000006c70000000] [id=1276]
  0x00000177a5dca000 GCTaskThread "GC Thread#5" [stack: 0x0000006c70000000,0x0000006c70100000] [id=15008]
  0x00000177a6fe5000 GCTaskThread "GC Thread#6" [stack: 0x0000006c71000000,0x0000006c71100000] [id=6512]
  0x00000177a97b9800 GCTaskThread "GC Thread#7" [stack: 0x0000006c71100000,0x0000006c71200000] [id=24288]
  0x000001778931a800 ConcurrentGCThread "G1 Main Marker" [stack: 0x0000006c6ec00000,0x0000006c6ed00000] [id=16656]
  0x000001778931d800 ConcurrentGCThread "G1 Conc#0" [stack: 0x0000006c6ed00000,0x0000006c6ee00000] [id=24916]
  0x00000177a9313800 ConcurrentGCThread "G1 Conc#1" [stack: 0x0000006c71200000,0x0000006c71300000] [id=18272]
  0x00000177893be000 ConcurrentGCThread "G1 Refine#0" [stack: 0x0000006c6ee00000,0x0000006c6ef00000] [id=22608]
  0x00000177a45fc800 ConcurrentGCThread "G1 Young RemSet Sampling" [stack: 0x0000006c6ef00000,0x0000006c6f000000] [id=25312]

Threads with active compile tasks:
C2 CompilerThread0  4953   !   4       com.sun.beans.TypeResolver::resolve (261 bytes)
C2 CompilerThread1  4952       4       java.beans.MethodRef::set (58 bytes)

VM state:not at safepoint (normal execution)

VM Mutex/Monitor currently owned by a thread: None

Heap address: 0x00000000e0000000, size: 512 MB, Compressed Oops mode: 32-bit
Narrow klass base: 0x0000000800000000, Narrow klass shift: 3
Compressed class space size: 260046848 Address: 0x00000008011a0000

Heap:
 garbage-first heap   total 262144K, used 159522K [0x00000000e0000000, 0x0000000100000000)
  region size 1024K, 137 young (140288K), 13 survivors (13312K)
 Metaspace       used 47104K, capacity 48468K, committed 48640K, reserved 296960K
  class space    used 6303K, capacity 6817K, committed 6912K, reserved 253952K
Heap Regions: E=young(eden), S=young(survivor), O=old, HS=humongous(starts), HC=humongous(continues), CS=collection set, F=free, A=archive, TAMS=top-at-mark-start (previous, next)
|   0|0x00000000e0000000, 0x00000000e0100000, 0x00000000e0100000|100%|HS|  |TAMS 0x00000000e0100000, 0x00000000e0000000| Complete 
|   1|0x00000000e0100000, 0x00000000e0200000, 0x00000000e0200000|100%|HC|  |TAMS 0x00000000e0200000, 0x00000000e0100000| Complete 
|   2|0x00000000e0200000, 0x00000000e0300000, 0x00000000e0300000|100%|HS|  |TAMS 0x00000000e0200000, 0x00000000e0200000| Complete 
|   3|0x00000000e0300000, 0x00000000e0400000, 0x00000000e0400000|100%|HS|  |TAMS 0x00000000e0400000, 0x00000000e0300000| Complete 
|   4|0x00000000e0400000, 0x00000000e0500000, 0x00000000e0500000|100%|HC|  |TAMS 0x00000000e0500000, 0x00000000e0400000| Complete 
|   5|0x00000000e0500000, 0x00000000e0600000, 0x00000000e0600000|100%|HC|  |TAMS 0x00000000e0600000, 0x00000000e0500000| Complete 
|   6|0x00000000e0600000, 0x00000000e0700000, 0x00000000e0700000|100%| O|  |TAMS 0x00000000e0700000, 0x00000000e0600000| Untracked 
|   7|0x00000000e0700000, 0x00000000e0800000, 0x00000000e0800000|100%| O|  |TAMS 0x00000000e0800000, 0x00000000e0700000| Untracked 
|   8|0x00000000e0800000, 0x00000000e0900000, 0x00000000e0900000|100%| O|  |TAMS 0x00000000e0900000, 0x00000000e0800000| Untracked 
|   9|0x00000000e0900000, 0x00000000e0a00000, 0x00000000e0a00000|100%| O|  |TAMS 0x00000000e0a00000, 0x00000000e0900000| Untracked 
|  10|0x00000000e0a00000, 0x00000000e0b00000, 0x00000000e0b00000|100%| O|  |TAMS 0x00000000e0b00000, 0x00000000e0a00000| Untracked 
|  11|0x00000000e0b00000, 0x00000000e0c00000, 0x00000000e0c00000|100%| O|  |TAMS 0x00000000e0c00000, 0x00000000e0b00000| Untracked 
|  12|0x00000000e0c00000, 0x00000000e0d00000, 0x00000000e0d00000|100%| O|  |TAMS 0x00000000e0d00000, 0x00000000e0c00000| Untracked 
|  13|0x00000000e0d00000, 0x00000000e0e00000, 0x00000000e0e00000|100%| O|  |TAMS 0x00000000e0e00000, 0x00000000e0d00000| Untracked 
|  14|0x00000000e0e00000, 0x00000000e0f00000, 0x00000000e0f00000|100%| O|  |TAMS 0x00000000e0f00000, 0x00000000e0e00000| Untracked 
|  15|0x00000000e0f00000, 0x00000000e1000000, 0x00000000e1000000|100%| O|  |TAMS 0x00000000e1000000, 0x00000000e0f00000| Untracked 
|  16|0x00000000e1000000, 0x00000000e1100000, 0x00000000e1100000|100%| O|  |TAMS 0x00000000e1100000, 0x00000000e1000000| Untracked 
|  17|0x00000000e1100000, 0x00000000e1200000, 0x00000000e1200000|100%| O|  |TAMS 0x00000000e1200000, 0x00000000e1100000| Untracked 
|  18|0x00000000e1200000, 0x00000000e1300000, 0x00000000e1300000|100%| O|  |TAMS 0x00000000e1300000, 0x00000000e1200000| Untracked 
|  19|0x00000000e1300000, 0x00000000e1400000, 0x00000000e1400000|100%| O|  |TAMS 0x00000000e1400000, 0x00000000e1300000| Untracked 
|  20|0x00000000e1400000, 0x00000000e1500000, 0x00000000e1500000|100%| O|  |TAMS 0x00000000e1500000, 0x00000000e1400000| Untracked 
|  21|0x00000000e1500000, 0x00000000e1528200, 0x00000000e1600000| 15%| O|  |TAMS 0x00000000e1528200, 0x00000000e1500000| Untracked 
|  22|0x00000000e1600000, 0x00000000e1600000, 0x00000000e1700000|  0%| F|  |TAMS 0x00000000e1600000, 0x00000000e1600000| Untracked 
|  23|0x00000000e1700000, 0x00000000e1700000, 0x00000000e1800000|  0%| F|  |TAMS 0x00000000e1700000, 0x00000000e1700000| Untracked 
|  24|0x00000000e1800000, 0x00000000e1800000, 0x00000000e1900000|  0%| F|  |TAMS 0x00000000e1800000, 0x00000000e1800000| Untracked 
|  25|0x00000000e1900000, 0x00000000e1900000, 0x00000000e1a00000|  0%| F|  |TAMS 0x00000000e1900000, 0x00000000e1900000| Untracked 
|  26|0x00000000e1a00000, 0x00000000e1a00000, 0x00000000e1b00000|  0%| F|  |TAMS 0x00000000e1a00000, 0x00000000e1a00000| Untracked 
|  27|0x00000000e1b00000, 0x00000000e1b00000, 0x00000000e1c00000|  0%| F|  |TAMS 0x00000000e1b00000, 0x00000000e1b00000| Untracked 
|  28|0x00000000e1c00000, 0x00000000e1c00000, 0x00000000e1d00000|  0%| F|  |TAMS 0x00000000e1c00000, 0x00000000e1c00000| Untracked 
|  29|0x00000000e1d00000, 0x00000000e1d00000, 0x00000000e1e00000|  0%| F|  |TAMS 0x00000000e1d00000, 0x00000000e1d00000| Untracked 
|  30|0x00000000e1e00000, 0x00000000e1e00000, 0x00000000e1f00000|  0%| F|  |TAMS 0x00000000e1e00000, 0x00000000e1e00000| Untracked 
|  31|0x00000000e1f00000, 0x00000000e1f00000, 0x00000000e2000000|  0%| F|  |TAMS 0x00000000e1f00000, 0x00000000e1f00000| Untracked 
|  32|0x00000000e2000000, 0x00000000e2000000, 0x00000000e2100000|  0%| F|  |TAMS 0x00000000e2000000, 0x00000000e2000000| Untracked 
|  33|0x00000000e2100000, 0x00000000e2100000, 0x00000000e2200000|  0%| F|  |TAMS 0x00000000e2100000, 0x00000000e2100000| Untracked 
|  34|0x00000000e2200000, 0x00000000e2200000, 0x00000000e2300000|  0%| F|  |TAMS 0x00000000e2200000, 0x00000000e2200000| Untracked 
|  35|0x00000000e2300000, 0x00000000e2300000, 0x00000000e2400000|  0%| F|  |TAMS 0x00000000e2300000, 0x00000000e2300000| Untracked 
|  36|0x00000000e2400000, 0x00000000e2400000, 0x00000000e2500000|  0%| F|  |TAMS 0x00000000e2400000, 0x00000000e2400000| Untracked 
|  37|0x00000000e2500000, 0x00000000e2500000, 0x00000000e2600000|  0%| F|  |TAMS 0x00000000e2500000, 0x00000000e2500000| Untracked 
|  38|0x00000000e2600000, 0x00000000e2600000, 0x00000000e2700000|  0%| F|  |TAMS 0x00000000e2600000, 0x00000000e2600000| Untracked 
|  39|0x00000000e2700000, 0x00000000e2700000, 0x00000000e2800000|  0%| F|  |TAMS 0x00000000e2700000, 0x00000000e2700000| Untracked 
|  40|0x00000000e2800000, 0x00000000e2800000, 0x00000000e2900000|  0%| F|  |TAMS 0x00000000e2800000, 0x00000000e2800000| Untracked 
|  41|0x00000000e2900000, 0x00000000e2900000, 0x00000000e2a00000|  0%| F|  |TAMS 0x00000000e2900000, 0x00000000e2900000| Untracked 
|  42|0x00000000e2a00000, 0x00000000e2a00000, 0x00000000e2b00000|  0%| F|  |TAMS 0x00000000e2a00000, 0x00000000e2a00000| Untracked 
|  43|0x00000000e2b00000, 0x00000000e2b00000, 0x00000000e2c00000|  0%| F|  |TAMS 0x00000000e2b00000, 0x00000000e2b00000| Untracked 
|  44|0x00000000e2c00000, 0x00000000e2c00000, 0x00000000e2d00000|  0%| F|  |TAMS 0x00000000e2c00000, 0x00000000e2c00000| Untracked 
|  45|0x00000000e2d00000, 0x00000000e2d00000, 0x00000000e2e00000|  0%| F|  |TAMS 0x00000000e2d00000, 0x00000000e2d00000| Untracked 
|  46|0x00000000e2e00000, 0x00000000e2e00000, 0x00000000e2f00000|  0%| F|  |TAMS 0x00000000e2e00000, 0x00000000e2e00000| Untracked 
|  47|0x00000000e2f00000, 0x00000000e2f00000, 0x00000000e3000000|  0%| F|  |TAMS 0x00000000e2f00000, 0x00000000e2f00000| Untracked 
|  48|0x00000000e3000000, 0x00000000e3000000, 0x00000000e3100000|  0%| F|  |TAMS 0x00000000e3000000, 0x00000000e3000000| Untracked 
|  49|0x00000000e3100000, 0x00000000e3100000, 0x00000000e3200000|  0%| F|  |TAMS 0x00000000e3100000, 0x00000000e3100000| Untracked 
|  50|0x00000000e3200000, 0x00000000e3200000, 0x00000000e3300000|  0%| F|  |TAMS 0x00000000e3200000, 0x00000000e3200000| Untracked 
|  51|0x00000000e3300000, 0x00000000e3300000, 0x00000000e3400000|  0%| F|  |TAMS 0x00000000e3300000, 0x00000000e3300000| Untracked 
|  52|0x00000000e3400000, 0x00000000e3400000, 0x00000000e3500000|  0%| F|  |TAMS 0x00000000e3400000, 0x00000000e3400000| Untracked 
|  53|0x00000000e3500000, 0x00000000e3500000, 0x00000000e3600000|  0%| F|  |TAMS 0x00000000e3500000, 0x00000000e3500000| Untracked 
|  54|0x00000000e3600000, 0x00000000e3600000, 0x00000000e3700000|  0%| F|  |TAMS 0x00000000e3600000, 0x00000000e3600000| Untracked 
|  55|0x00000000e3700000, 0x00000000e3700000, 0x00000000e3800000|  0%| F|  |TAMS 0x00000000e3700000, 0x00000000e3700000| Untracked 
|  56|0x00000000e3800000, 0x00000000e3800000, 0x00000000e3900000|  0%| F|  |TAMS 0x00000000e3800000, 0x00000000e3800000| Untracked 
|  57|0x00000000e3900000, 0x00000000e3900000, 0x00000000e3a00000|  0%| F|  |TAMS 0x00000000e3900000, 0x00000000e3900000| Untracked 
|  58|0x00000000e3a00000, 0x00000000e3a00000, 0x00000000e3b00000|  0%| F|  |TAMS 0x00000000e3a00000, 0x00000000e3a00000| Untracked 
|  59|0x00000000e3b00000, 0x00000000e3b00000, 0x00000000e3c00000|  0%| F|  |TAMS 0x00000000e3b00000, 0x00000000e3b00000| Untracked 
|  60|0x00000000e3c00000, 0x00000000e3c00000, 0x00000000e3d00000|  0%| F|  |TAMS 0x00000000e3c00000, 0x00000000e3c00000| Untracked 
|  61|0x00000000e3d00000, 0x00000000e3d00000, 0x00000000e3e00000|  0%| F|  |TAMS 0x00000000e3d00000, 0x00000000e3d00000| Untracked 
|  62|0x00000000e3e00000, 0x00000000e3e00000, 0x00000000e3f00000|  0%| F|  |TAMS 0x00000000e3e00000, 0x00000000e3e00000| Untracked 
|  63|0x00000000e3f00000, 0x00000000e3f00000, 0x00000000e4000000|  0%| F|  |TAMS 0x00000000e3f00000, 0x00000000e3f00000| Untracked 
|  64|0x00000000e4000000, 0x00000000e4000000, 0x00000000e4100000|  0%| F|  |TAMS 0x00000000e4000000, 0x00000000e4000000| Untracked 
|  65|0x00000000e4100000, 0x00000000e4100000, 0x00000000e4200000|  0%| F|  |TAMS 0x00000000e4100000, 0x00000000e4100000| Untracked 
|  66|0x00000000e4200000, 0x00000000e4200000, 0x00000000e4300000|  0%| F|  |TAMS 0x00000000e4200000, 0x00000000e4200000| Untracked 
|  67|0x00000000e4300000, 0x00000000e4300000, 0x00000000e4400000|  0%| F|  |TAMS 0x00000000e4300000, 0x00000000e4300000| Untracked 
|  68|0x00000000e4400000, 0x00000000e4400000, 0x00000000e4500000|  0%| F|  |TAMS 0x00000000e4400000, 0x00000000e4400000| Untracked 
|  69|0x00000000e4500000, 0x00000000e4500000, 0x00000000e4600000|  0%| F|  |TAMS 0x00000000e4500000, 0x00000000e4500000| Untracked 
|  70|0x00000000e4600000, 0x00000000e4600000, 0x00000000e4700000|  0%| F|  |TAMS 0x00000000e4600000, 0x00000000e4600000| Untracked 
|  71|0x00000000e4700000, 0x00000000e4700000, 0x00000000e4800000|  0%| F|  |TAMS 0x00000000e4700000, 0x00000000e4700000| Untracked 
|  72|0x00000000e4800000, 0x00000000e4800000, 0x00000000e4900000|  0%| F|  |TAMS 0x00000000e4800000, 0x00000000e4800000| Untracked 
|  73|0x00000000e4900000, 0x00000000e4900000, 0x00000000e4a00000|  0%| F|  |TAMS 0x00000000e4900000, 0x00000000e4900000| Untracked 
|  74|0x00000000e4a00000, 0x00000000e4a00000, 0x00000000e4b00000|  0%| F|  |TAMS 0x00000000e4a00000, 0x00000000e4a00000| Untracked 
|  75|0x00000000e4b00000, 0x00000000e4b00000, 0x00000000e4c00000|  0%| F|  |TAMS 0x00000000e4b00000, 0x00000000e4b00000| Untracked 
|  76|0x00000000e4c00000, 0x00000000e4c00000, 0x00000000e4d00000|  0%| F|  |TAMS 0x00000000e4c00000, 0x00000000e4c00000| Untracked 
|  77|0x00000000e4d00000, 0x00000000e4d00000, 0x00000000e4e00000|  0%| F|  |TAMS 0x00000000e4d00000, 0x00000000e4d00000| Untracked 
|  78|0x00000000e4e00000, 0x00000000e4e00000, 0x00000000e4f00000|  0%| F|  |TAMS 0x00000000e4e00000, 0x00000000e4e00000| Untracked 
|  79|0x00000000e4f00000, 0x00000000e4f00000, 0x00000000e5000000|  0%| F|  |TAMS 0x00000000e4f00000, 0x00000000e4f00000| Untracked 
|  80|0x00000000e5000000, 0x00000000e5000000, 0x00000000e5100000|  0%| F|  |TAMS 0x00000000e5000000, 0x00000000e5000000| Untracked 
|  81|0x00000000e5100000, 0x00000000e5100000, 0x00000000e5200000|  0%| F|  |TAMS 0x00000000e5100000, 0x00000000e5100000| Untracked 
|  82|0x00000000e5200000, 0x00000000e5200000, 0x00000000e5300000|  0%| F|  |TAMS 0x00000000e5200000, 0x00000000e5200000| Untracked 
|  83|0x00000000e5300000, 0x00000000e5300000, 0x00000000e5400000|  0%| F|  |TAMS 0x00000000e5300000, 0x00000000e5300000| Untracked 
|  84|0x00000000e5400000, 0x00000000e5400000, 0x00000000e5500000|  0%| F|  |TAMS 0x00000000e5400000, 0x00000000e5400000| Untracked 
|  85|0x00000000e5500000, 0x00000000e5500000, 0x00000000e5600000|  0%| F|  |TAMS 0x00000000e5500000, 0x00000000e5500000| Untracked 
|  86|0x00000000e5600000, 0x00000000e5600000, 0x00000000e5700000|  0%| F|  |TAMS 0x00000000e5600000, 0x00000000e5600000| Untracked 
|  87|0x00000000e5700000, 0x00000000e5700000, 0x00000000e5800000|  0%| F|  |TAMS 0x00000000e5700000, 0x00000000e5700000| Untracked 
|  88|0x00000000e5800000, 0x00000000e5800000, 0x00000000e5900000|  0%| F|  |TAMS 0x00000000e5800000, 0x00000000e5800000| Untracked 
|  89|0x00000000e5900000, 0x00000000e5900000, 0x00000000e5a00000|  0%| F|  |TAMS 0x00000000e5900000, 0x00000000e5900000| Untracked 
|  90|0x00000000e5a00000, 0x00000000e5a00000, 0x00000000e5b00000|  0%| F|  |TAMS 0x00000000e5a00000, 0x00000000e5a00000| Untracked 
|  91|0x00000000e5b00000, 0x00000000e5b00000, 0x00000000e5c00000|  0%| F|  |TAMS 0x00000000e5b00000, 0x00000000e5b00000| Untracked 
|  92|0x00000000e5c00000, 0x00000000e5c00000, 0x00000000e5d00000|  0%| F|  |TAMS 0x00000000e5c00000, 0x00000000e5c00000| Untracked 
|  93|0x00000000e5d00000, 0x00000000e5d00000, 0x00000000e5e00000|  0%| F|  |TAMS 0x00000000e5d00000, 0x00000000e5d00000| Untracked 
|  94|0x00000000e5e00000, 0x00000000e5e00000, 0x00000000e5f00000|  0%| F|  |TAMS 0x00000000e5e00000, 0x00000000e5e00000| Untracked 
|  95|0x00000000e5f00000, 0x00000000e5f00000, 0x00000000e6000000|  0%| F|  |TAMS 0x00000000e5f00000, 0x00000000e5f00000| Untracked 
|  96|0x00000000e6000000, 0x00000000e6000000, 0x00000000e6100000|  0%| F|  |TAMS 0x00000000e6000000, 0x00000000e6000000| Untracked 
|  97|0x00000000e6100000, 0x00000000e6100000, 0x00000000e6200000|  0%| F|  |TAMS 0x00000000e6100000, 0x00000000e6100000| Untracked 
|  98|0x00000000e6200000, 0x00000000e6200000, 0x00000000e6300000|  0%| F|  |TAMS 0x00000000e6200000, 0x00000000e6200000| Untracked 
|  99|0x00000000e6300000, 0x00000000e6300000, 0x00000000e6400000|  0%| F|  |TAMS 0x00000000e6300000, 0x00000000e6300000| Untracked 
| 100|0x00000000e6400000, 0x00000000e6400000, 0x00000000e6500000|  0%| F|  |TAMS 0x00000000e6400000, 0x00000000e6400000| Untracked 
| 101|0x00000000e6500000, 0x00000000e6500000, 0x00000000e6600000|  0%| F|  |TAMS 0x00000000e6500000, 0x00000000e6500000| Untracked 
| 102|0x00000000e6600000, 0x00000000e6600000, 0x00000000e6700000|  0%| F|  |TAMS 0x00000000e6600000, 0x00000000e6600000| Untracked 
| 103|0x00000000e6700000, 0x00000000e6700000, 0x00000000e6800000|  0%| F|  |TAMS 0x00000000e6700000, 0x00000000e6700000| Untracked 
| 104|0x00000000e6800000, 0x00000000e6800000, 0x00000000e6900000|  0%| F|  |TAMS 0x00000000e6800000, 0x00000000e6800000| Untracked 
| 105|0x00000000e6900000, 0x00000000e6900000, 0x00000000e6a00000|  0%| F|  |TAMS 0x00000000e6900000, 0x00000000e6900000| Untracked 
| 106|0x00000000e6a00000, 0x00000000e6a00000, 0x00000000e6b00000|  0%| F|  |TAMS 0x00000000e6a00000, 0x00000000e6a00000| Untracked 
| 107|0x00000000e6b00000, 0x00000000e6b00000, 0x00000000e6c00000|  0%| F|  |TAMS 0x00000000e6b00000, 0x00000000e6b00000| Untracked 
| 108|0x00000000e6c00000, 0x00000000e6c00000, 0x00000000e6d00000|  0%| F|  |TAMS 0x00000000e6c00000, 0x00000000e6c00000| Untracked 
| 109|0x00000000e6d00000, 0x00000000e6d00000, 0x00000000e6e00000|  0%| F|  |TAMS 0x00000000e6d00000, 0x00000000e6d00000| Untracked 
| 110|0x00000000e6e00000, 0x00000000e6e00000, 0x00000000e6f00000|  0%| F|  |TAMS 0x00000000e6e00000, 0x00000000e6e00000| Untracked 
| 111|0x00000000e6f00000, 0x00000000e6f00000, 0x00000000e7000000|  0%| F|  |TAMS 0x00000000e6f00000, 0x00000000e6f00000| Untracked 
| 112|0x00000000e7000000, 0x00000000e7000000, 0x00000000e7100000|  0%| F|  |TAMS 0x00000000e7000000, 0x00000000e7000000| Untracked 
| 113|0x00000000e7100000, 0x00000000e7100000, 0x00000000e7200000|  0%| F|  |TAMS 0x00000000e7100000, 0x00000000e7100000| Untracked 
| 114|0x00000000e7200000, 0x00000000e7200000, 0x00000000e7300000|  0%| F|  |TAMS 0x00000000e7200000, 0x00000000e7200000| Untracked 
| 115|0x00000000e7300000, 0x00000000e7300000, 0x00000000e7400000|  0%| F|  |TAMS 0x00000000e7300000, 0x00000000e7300000| Untracked 
| 116|0x00000000e7400000, 0x00000000e7400000, 0x00000000e7500000|  0%| F|  |TAMS 0x00000000e7400000, 0x00000000e7400000| Untracked 
| 117|0x00000000e7500000, 0x00000000e7500000, 0x00000000e7600000|  0%| F|  |TAMS 0x00000000e7500000, 0x00000000e7500000| Untracked 
| 118|0x00000000e7600000, 0x00000000e7600000, 0x00000000e7700000|  0%| F|  |TAMS 0x00000000e7600000, 0x00000000e7600000| Untracked 
| 119|0x00000000e7700000, 0x00000000e7800000, 0x00000000e7800000|100%| E|  |TAMS 0x00000000e7700000, 0x00000000e7700000| Complete 
| 120|0x00000000e7800000, 0x00000000e7900000, 0x00000000e7900000|100%| E|CS|TAMS 0x00000000e7800000, 0x00000000e7800000| Complete 
| 121|0x00000000e7900000, 0x00000000e7a00000, 0x00000000e7a00000|100%| E|CS|TAMS 0x00000000e7900000, 0x00000000e7900000| Complete 
| 122|0x00000000e7a00000, 0x00000000e7b00000, 0x00000000e7b00000|100%| E|CS|TAMS 0x00000000e7a00000, 0x00000000e7a00000| Complete 
| 123|0x00000000e7b00000, 0x00000000e7c00000, 0x00000000e7c00000|100%| E|CS|TAMS 0x00000000e7b00000, 0x00000000e7b00000| Complete 
| 124|0x00000000e7c00000, 0x00000000e7d00000, 0x00000000e7d00000|100%| E|CS|TAMS 0x00000000e7c00000, 0x00000000e7c00000| Complete 
| 125|0x00000000e7d00000, 0x00000000e7e00000, 0x00000000e7e00000|100%| E|CS|TAMS 0x00000000e7d00000, 0x00000000e7d00000| Complete 
| 126|0x00000000e7e00000, 0x00000000e7f00000, 0x00000000e7f00000|100%| E|CS|TAMS 0x00000000e7e00000, 0x00000000e7e00000| Complete 
| 127|0x00000000e7f00000, 0x00000000e8000000, 0x00000000e8000000|100%| E|CS|TAMS 0x00000000e7f00000, 0x00000000e7f00000| Complete 
| 128|0x00000000e8000000, 0x00000000e8100000, 0x00000000e8100000|100%| E|CS|TAMS 0x00000000e8000000, 0x00000000e8000000| Complete 
| 129|0x00000000e8100000, 0x00000000e8200000, 0x00000000e8200000|100%| E|CS|TAMS 0x00000000e8100000, 0x00000000e8100000| Complete 
| 130|0x00000000e8200000, 0x00000000e8300000, 0x00000000e8300000|100%| E|CS|TAMS 0x00000000e8200000, 0x00000000e8200000| Complete 
| 131|0x00000000e8300000, 0x00000000e8400000, 0x00000000e8400000|100%| E|CS|TAMS 0x00000000e8300000, 0x00000000e8300000| Complete 
| 132|0x00000000e8400000, 0x00000000e8500000, 0x00000000e8500000|100%| E|CS|TAMS 0x00000000e8400000, 0x00000000e8400000| Complete 
| 133|0x00000000e8500000, 0x00000000e8600000, 0x00000000e8600000|100%| E|CS|TAMS 0x00000000e8500000, 0x00000000e8500000| Complete 
| 134|0x00000000e8600000, 0x00000000e8700000, 0x00000000e8700000|100%| E|CS|TAMS 0x00000000e8600000, 0x00000000e8600000| Complete 
| 135|0x00000000e8700000, 0x00000000e8800000, 0x00000000e8800000|100%| E|CS|TAMS 0x00000000e8700000, 0x00000000e8700000| Complete 
| 136|0x00000000e8800000, 0x00000000e8900000, 0x00000000e8900000|100%| E|CS|TAMS 0x00000000e8800000, 0x00000000e8800000| Complete 
| 137|0x00000000e8900000, 0x00000000e8a00000, 0x00000000e8a00000|100%| E|CS|TAMS 0x00000000e8900000, 0x00000000e8900000| Complete 
| 138|0x00000000e8a00000, 0x00000000e8b00000, 0x00000000e8b00000|100%| E|CS|TAMS 0x00000000e8a00000, 0x00000000e8a00000| Complete 
| 139|0x00000000e8b00000, 0x00000000e8c00000, 0x00000000e8c00000|100%| E|CS|TAMS 0x00000000e8b00000, 0x00000000e8b00000| Complete 
| 140|0x00000000e8c00000, 0x00000000e8d00000, 0x00000000e8d00000|100%| E|CS|TAMS 0x00000000e8c00000, 0x00000000e8c00000| Complete 
| 141|0x00000000e8d00000, 0x00000000e8e00000, 0x00000000e8e00000|100%| E|CS|TAMS 0x00000000e8d00000, 0x00000000e8d00000| Complete 
| 142|0x00000000e8e00000, 0x00000000e8f00000, 0x00000000e8f00000|100%| E|CS|TAMS 0x00000000e8e00000, 0x00000000e8e00000| Complete 
| 143|0x00000000e8f00000, 0x00000000e9000000, 0x00000000e9000000|100%| E|CS|TAMS 0x00000000e8f00000, 0x00000000e8f00000| Complete 
| 144|0x00000000e9000000, 0x00000000e9100000, 0x00000000e9100000|100%| E|CS|TAMS 0x00000000e9000000, 0x00000000e9000000| Complete 
| 145|0x00000000e9100000, 0x00000000e9200000, 0x00000000e9200000|100%| E|CS|TAMS 0x00000000e9100000, 0x00000000e9100000| Complete 
| 146|0x00000000e9200000, 0x00000000e9300000, 0x00000000e9300000|100%| E|CS|TAMS 0x00000000e9200000, 0x00000000e9200000| Complete 
| 147|0x00000000e9300000, 0x00000000e9400000, 0x00000000e9400000|100%| E|CS|TAMS 0x00000000e9300000, 0x00000000e9300000| Complete 
| 148|0x00000000e9400000, 0x00000000e9500000, 0x00000000e9500000|100%| E|CS|TAMS 0x00000000e9400000, 0x00000000e9400000| Complete 
| 149|0x00000000e9500000, 0x00000000e9600000, 0x00000000e9600000|100%| E|CS|TAMS 0x00000000e9500000, 0x00000000e9500000| Complete 
| 150|0x00000000e9600000, 0x00000000e9700000, 0x00000000e9700000|100%| E|CS|TAMS 0x00000000e9600000, 0x00000000e9600000| Complete 
| 151|0x00000000e9700000, 0x00000000e9800000, 0x00000000e9800000|100%| E|CS|TAMS 0x00000000e9700000, 0x00000000e9700000| Complete 
| 152|0x00000000e9800000, 0x00000000e9900000, 0x00000000e9900000|100%| E|CS|TAMS 0x00000000e9800000, 0x00000000e9800000| Complete 
| 153|0x00000000e9900000, 0x00000000e9a00000, 0x00000000e9a00000|100%| E|CS|TAMS 0x00000000e9900000, 0x00000000e9900000| Complete 
| 154|0x00000000e9a00000, 0x00000000e9b00000, 0x00000000e9b00000|100%| E|CS|TAMS 0x00000000e9a00000, 0x00000000e9a00000| Complete 
| 155|0x00000000e9b00000, 0x00000000e9c00000, 0x00000000e9c00000|100%| E|CS|TAMS 0x00000000e9b00000, 0x00000000e9b00000| Complete 
| 156|0x00000000e9c00000, 0x00000000e9ca0910, 0x00000000e9d00000| 62%| S|CS|TAMS 0x00000000e9c00000, 0x00000000e9c00000| Complete 
| 157|0x00000000e9d00000, 0x00000000e9e00000, 0x00000000e9e00000|100%| S|CS|TAMS 0x00000000e9d00000, 0x00000000e9d00000| Complete 
| 158|0x00000000e9e00000, 0x00000000e9f00000, 0x00000000e9f00000|100%| S|CS|TAMS 0x00000000e9e00000, 0x00000000e9e00000| Complete 
| 159|0x00000000e9f00000, 0x00000000ea000000, 0x00000000ea000000|100%| S|CS|TAMS 0x00000000e9f00000, 0x00000000e9f00000| Complete 
| 160|0x00000000ea000000, 0x00000000ea100000, 0x00000000ea100000|100%| S|CS|TAMS 0x00000000ea000000, 0x00000000ea000000| Complete 
| 161|0x00000000ea100000, 0x00000000ea200000, 0x00000000ea200000|100%| S|CS|TAMS 0x00000000ea100000, 0x00000000ea100000| Complete 
| 162|0x00000000ea200000, 0x00000000ea300000, 0x00000000ea300000|100%| S|CS|TAMS 0x00000000ea200000, 0x00000000ea200000| Complete 
| 163|0x00000000ea300000, 0x00000000ea400000, 0x00000000ea400000|100%| S|CS|TAMS 0x00000000ea300000, 0x00000000ea300000| Complete 
| 164|0x00000000ea400000, 0x00000000ea500000, 0x00000000ea500000|100%| S|CS|TAMS 0x00000000ea400000, 0x00000000ea400000| Complete 
| 165|0x00000000ea500000, 0x00000000ea600000, 0x00000000ea600000|100%| S|CS|TAMS 0x00000000ea500000, 0x00000000ea500000| Complete 
| 166|0x00000000ea600000, 0x00000000ea700000, 0x00000000ea700000|100%| S|CS|TAMS 0x00000000ea600000, 0x00000000ea600000| Complete 
| 167|0x00000000ea700000, 0x00000000ea800000, 0x00000000ea800000|100%| S|CS|TAMS 0x00000000ea700000, 0x00000000ea700000| Complete 
| 168|0x00000000ea800000, 0x00000000ea900000, 0x00000000ea900000|100%| S|CS|TAMS 0x00000000ea800000, 0x00000000ea800000| Complete 
| 169|0x00000000ea900000, 0x00000000eaa00000, 0x00000000eaa00000|100%| E|CS|TAMS 0x00000000ea900000, 0x00000000ea900000| Complete 
| 170|0x00000000eaa00000, 0x00000000eab00000, 0x00000000eab00000|100%| E|CS|TAMS 0x00000000eaa00000, 0x00000000eaa00000| Complete 
| 171|0x00000000eab00000, 0x00000000eac00000, 0x00000000eac00000|100%| E|CS|TAMS 0x00000000eab00000, 0x00000000eab00000| Complete 
| 172|0x00000000eac00000, 0x00000000ead00000, 0x00000000ead00000|100%| E|CS|TAMS 0x00000000eac00000, 0x00000000eac00000| Complete 
| 173|0x00000000ead00000, 0x00000000eae00000, 0x00000000eae00000|100%| E|CS|TAMS 0x00000000ead00000, 0x00000000ead00000| Complete 
| 174|0x00000000eae00000, 0x00000000eaf00000, 0x00000000eaf00000|100%| E|CS|TAMS 0x00000000eae00000, 0x00000000eae00000| Complete 
| 175|0x00000000eaf00000, 0x00000000eb000000, 0x00000000eb000000|100%| E|CS|TAMS 0x00000000eaf00000, 0x00000000eaf00000| Complete 
| 176|0x00000000eb000000, 0x00000000eb100000, 0x00000000eb100000|100%| E|CS|TAMS 0x00000000eb000000, 0x00000000eb000000| Complete 
| 177|0x00000000eb100000, 0x00000000eb200000, 0x00000000eb200000|100%| E|CS|TAMS 0x00000000eb100000, 0x00000000eb100000| Complete 
| 178|0x00000000eb200000, 0x00000000eb300000, 0x00000000eb300000|100%| E|CS|TAMS 0x00000000eb200000, 0x00000000eb200000| Complete 
| 179|0x00000000eb300000, 0x00000000eb400000, 0x00000000eb400000|100%| E|CS|TAMS 0x00000000eb300000, 0x00000000eb300000| Complete 
| 180|0x00000000eb400000, 0x00000000eb500000, 0x00000000eb500000|100%| E|CS|TAMS 0x00000000eb400000, 0x00000000eb400000| Complete 
| 181|0x00000000eb500000, 0x00000000eb600000, 0x00000000eb600000|100%| E|CS|TAMS 0x00000000eb500000, 0x00000000eb500000| Complete 
| 182|0x00000000eb600000, 0x00000000eb700000, 0x00000000eb700000|100%| E|CS|TAMS 0x00000000eb600000, 0x00000000eb600000| Complete 
| 183|0x00000000eb700000, 0x00000000eb800000, 0x00000000eb800000|100%| E|CS|TAMS 0x00000000eb700000, 0x00000000eb700000| Complete 
| 184|0x00000000eb800000, 0x00000000eb900000, 0x00000000eb900000|100%| E|CS|TAMS 0x00000000eb800000, 0x00000000eb800000| Complete 
| 185|0x00000000eb900000, 0x00000000eba00000, 0x00000000eba00000|100%| E|CS|TAMS 0x00000000eb900000, 0x00000000eb900000| Complete 
| 186|0x00000000eba00000, 0x00000000ebb00000, 0x00000000ebb00000|100%| E|CS|TAMS 0x00000000eba00000, 0x00000000eba00000| Complete 
| 187|0x00000000ebb00000, 0x00000000ebc00000, 0x00000000ebc00000|100%| E|CS|TAMS 0x00000000ebb00000, 0x00000000ebb00000| Complete 
| 188|0x00000000ebc00000, 0x00000000ebd00000, 0x00000000ebd00000|100%| E|CS|TAMS 0x00000000ebc00000, 0x00000000ebc00000| Complete 
| 189|0x00000000ebd00000, 0x00000000ebe00000, 0x00000000ebe00000|100%| E|CS|TAMS 0x00000000ebd00000, 0x00000000ebd00000| Complete 
| 190|0x00000000ebe00000, 0x00000000ebf00000, 0x00000000ebf00000|100%| E|CS|TAMS 0x00000000ebe00000, 0x00000000ebe00000| Complete 
| 191|0x00000000ebf00000, 0x00000000ec000000, 0x00000000ec000000|100%| E|CS|TAMS 0x00000000ebf00000, 0x00000000ebf00000| Complete 
| 192|0x00000000ec000000, 0x00000000ec100000, 0x00000000ec100000|100%| E|CS|TAMS 0x00000000ec000000, 0x00000000ec000000| Complete 
| 193|0x00000000ec100000, 0x00000000ec200000, 0x00000000ec200000|100%| E|CS|TAMS 0x00000000ec100000, 0x00000000ec100000| Complete 
| 194|0x00000000ec200000, 0x00000000ec300000, 0x00000000ec300000|100%| E|CS|TAMS 0x00000000ec200000, 0x00000000ec200000| Complete 
| 195|0x00000000ec300000, 0x00000000ec400000, 0x00000000ec400000|100%| E|CS|TAMS 0x00000000ec300000, 0x00000000ec300000| Complete 
| 196|0x00000000ec400000, 0x00000000ec500000, 0x00000000ec500000|100%| E|CS|TAMS 0x00000000ec400000, 0x00000000ec400000| Complete 
| 197|0x00000000ec500000, 0x00000000ec600000, 0x00000000ec600000|100%| E|CS|TAMS 0x00000000ec500000, 0x00000000ec500000| Complete 
| 198|0x00000000ec600000, 0x00000000ec700000, 0x00000000ec700000|100%| E|CS|TAMS 0x00000000ec600000, 0x00000000ec600000| Complete 
| 199|0x00000000ec700000, 0x00000000ec800000, 0x00000000ec800000|100%| E|CS|TAMS 0x00000000ec700000, 0x00000000ec700000| Complete 
| 200|0x00000000ec800000, 0x00000000ec900000, 0x00000000ec900000|100%| E|CS|TAMS 0x00000000ec800000, 0x00000000ec800000| Complete 
| 201|0x00000000ec900000, 0x00000000eca00000, 0x00000000eca00000|100%| E|CS|TAMS 0x00000000ec900000, 0x00000000ec900000| Complete 
| 202|0x00000000eca00000, 0x00000000ecb00000, 0x00000000ecb00000|100%| E|CS|TAMS 0x00000000eca00000, 0x00000000eca00000| Complete 
| 203|0x00000000ecb00000, 0x00000000ecc00000, 0x00000000ecc00000|100%| E|CS|TAMS 0x00000000ecb00000, 0x00000000ecb00000| Complete 
| 204|0x00000000ecc00000, 0x00000000ecd00000, 0x00000000ecd00000|100%| E|CS|TAMS 0x00000000ecc00000, 0x00000000ecc00000| Complete 
| 205|0x00000000ecd00000, 0x00000000ece00000, 0x00000000ece00000|100%| E|CS|TAMS 0x00000000ecd00000, 0x00000000ecd00000| Complete 
| 206|0x00000000ece00000, 0x00000000ecf00000, 0x00000000ecf00000|100%| E|CS|TAMS 0x00000000ece00000, 0x00000000ece00000| Complete 
| 207|0x00000000ecf00000, 0x00000000ed000000, 0x00000000ed000000|100%| E|CS|TAMS 0x00000000ecf00000, 0x00000000ecf00000| Complete 
| 208|0x00000000ed000000, 0x00000000ed100000, 0x00000000ed100000|100%| E|  |TAMS 0x00000000ed000000, 0x00000000ed000000| Complete 
| 209|0x00000000ed100000, 0x00000000ed200000, 0x00000000ed200000|100%| E|CS|TAMS 0x00000000ed100000, 0x00000000ed100000| Complete 
| 210|0x00000000ed200000, 0x00000000ed300000, 0x00000000ed300000|100%| E|CS|TAMS 0x00000000ed200000, 0x00000000ed200000| Complete 
| 211|0x00000000ed300000, 0x00000000ed400000, 0x00000000ed400000|100%| E|CS|TAMS 0x00000000ed300000, 0x00000000ed300000| Complete 
| 212|0x00000000ed400000, 0x00000000ed500000, 0x00000000ed500000|100%| E|CS|TAMS 0x00000000ed400000, 0x00000000ed400000| Complete 
| 213|0x00000000ed500000, 0x00000000ed600000, 0x00000000ed600000|100%| E|CS|TAMS 0x00000000ed500000, 0x00000000ed500000| Complete 
| 214|0x00000000ed600000, 0x00000000ed700000, 0x00000000ed700000|100%| E|CS|TAMS 0x00000000ed600000, 0x00000000ed600000| Complete 
| 215|0x00000000ed700000, 0x00000000ed800000, 0x00000000ed800000|100%| E|CS|TAMS 0x00000000ed700000, 0x00000000ed700000| Complete 
| 216|0x00000000ed800000, 0x00000000ed900000, 0x00000000ed900000|100%| E|CS|TAMS 0x00000000ed800000, 0x00000000ed800000| Complete 
| 217|0x00000000ed900000, 0x00000000eda00000, 0x00000000eda00000|100%| E|CS|TAMS 0x00000000ed900000, 0x00000000ed900000| Complete 
| 218|0x00000000eda00000, 0x00000000edb00000, 0x00000000edb00000|100%| E|CS|TAMS 0x00000000eda00000, 0x00000000eda00000| Complete 
| 219|0x00000000edb00000, 0x00000000edc00000, 0x00000000edc00000|100%| E|CS|TAMS 0x00000000edb00000, 0x00000000edb00000| Complete 
| 220|0x00000000edc00000, 0x00000000edd00000, 0x00000000edd00000|100%| E|CS|TAMS 0x00000000edc00000, 0x00000000edc00000| Complete 
| 221|0x00000000edd00000, 0x00000000ede00000, 0x00000000ede00000|100%| E|CS|TAMS 0x00000000edd00000, 0x00000000edd00000| Complete 
| 222|0x00000000ede00000, 0x00000000edf00000, 0x00000000edf00000|100%| E|CS|TAMS 0x00000000ede00000, 0x00000000ede00000| Complete 
| 223|0x00000000edf00000, 0x00000000ee000000, 0x00000000ee000000|100%| E|CS|TAMS 0x00000000edf00000, 0x00000000edf00000| Complete 
| 224|0x00000000ee000000, 0x00000000ee100000, 0x00000000ee100000|100%| E|CS|TAMS 0x00000000ee000000, 0x00000000ee000000| Complete 
| 225|0x00000000ee100000, 0x00000000ee200000, 0x00000000ee200000|100%| E|CS|TAMS 0x00000000ee100000, 0x00000000ee100000| Complete 
| 226|0x00000000ee200000, 0x00000000ee300000, 0x00000000ee300000|100%| E|CS|TAMS 0x00000000ee200000, 0x00000000ee200000| Complete 
| 227|0x00000000ee300000, 0x00000000ee400000, 0x00000000ee400000|100%| E|CS|TAMS 0x00000000ee300000, 0x00000000ee300000| Complete 
| 228|0x00000000ee400000, 0x00000000ee500000, 0x00000000ee500000|100%| E|CS|TAMS 0x00000000ee400000, 0x00000000ee400000| Complete 
| 229|0x00000000ee500000, 0x00000000ee600000, 0x00000000ee600000|100%| E|CS|TAMS 0x00000000ee500000, 0x00000000ee500000| Complete 
| 230|0x00000000ee600000, 0x00000000ee700000, 0x00000000ee700000|100%| E|CS|TAMS 0x00000000ee600000, 0x00000000ee600000| Complete 
| 231|0x00000000ee700000, 0x00000000ee800000, 0x00000000ee800000|100%| E|CS|TAMS 0x00000000ee700000, 0x00000000ee700000| Complete 
| 232|0x00000000ee800000, 0x00000000ee900000, 0x00000000ee900000|100%| E|CS|TAMS 0x00000000ee800000, 0x00000000ee800000| Complete 
| 233|0x00000000ee900000, 0x00000000eea00000, 0x00000000eea00000|100%| E|CS|TAMS 0x00000000ee900000, 0x00000000ee900000| Complete 
| 234|0x00000000eea00000, 0x00000000eeb00000, 0x00000000eeb00000|100%| E|CS|TAMS 0x00000000eea00000, 0x00000000eea00000| Complete 
| 235|0x00000000eeb00000, 0x00000000eec00000, 0x00000000eec00000|100%| E|CS|TAMS 0x00000000eeb00000, 0x00000000eeb00000| Complete 
| 236|0x00000000eec00000, 0x00000000eed00000, 0x00000000eed00000|100%| E|CS|TAMS 0x00000000eec00000, 0x00000000eec00000| Complete 
| 237|0x00000000eed00000, 0x00000000eee00000, 0x00000000eee00000|100%| E|CS|TAMS 0x00000000eed00000, 0x00000000eed00000| Complete 
| 238|0x00000000eee00000, 0x00000000eef00000, 0x00000000eef00000|100%| E|CS|TAMS 0x00000000eee00000, 0x00000000eee00000| Complete 
| 239|0x00000000eef00000, 0x00000000ef000000, 0x00000000ef000000|100%| E|CS|TAMS 0x00000000eef00000, 0x00000000eef00000| Complete 
| 240|0x00000000ef000000, 0x00000000ef100000, 0x00000000ef100000|100%| E|CS|TAMS 0x00000000ef000000, 0x00000000ef000000| Complete 
| 241|0x00000000ef100000, 0x00000000ef200000, 0x00000000ef200000|100%| E|CS|TAMS 0x00000000ef100000, 0x00000000ef100000| Complete 
| 242|0x00000000ef200000, 0x00000000ef300000, 0x00000000ef300000|100%| E|CS|TAMS 0x00000000ef200000, 0x00000000ef200000| Complete 
| 243|0x00000000ef300000, 0x00000000ef400000, 0x00000000ef400000|100%| E|CS|TAMS 0x00000000ef300000, 0x00000000ef300000| Complete 
| 244|0x00000000ef400000, 0x00000000ef500000, 0x00000000ef500000|100%| E|CS|TAMS 0x00000000ef400000, 0x00000000ef400000| Complete 
| 245|0x00000000ef500000, 0x00000000ef600000, 0x00000000ef600000|100%| E|CS|TAMS 0x00000000ef500000, 0x00000000ef500000| Complete 
| 246|0x00000000ef600000, 0x00000000ef700000, 0x00000000ef700000|100%| E|CS|TAMS 0x00000000ef600000, 0x00000000ef600000| Complete 
| 247|0x00000000ef700000, 0x00000000ef800000, 0x00000000ef800000|100%| E|CS|TAMS 0x00000000ef700000, 0x00000000ef700000| Complete 
| 248|0x00000000ef800000, 0x00000000ef900000, 0x00000000ef900000|100%| E|CS|TAMS 0x00000000ef800000, 0x00000000ef800000| Complete 
| 249|0x00000000ef900000, 0x00000000efa00000, 0x00000000efa00000|100%| E|CS|TAMS 0x00000000ef900000, 0x00000000ef900000| Complete 
| 250|0x00000000efa00000, 0x00000000efb00000, 0x00000000efb00000|100%| E|CS|TAMS 0x00000000efa00000, 0x00000000efa00000| Complete 
| 251|0x00000000efb00000, 0x00000000efc00000, 0x00000000efc00000|100%| E|CS|TAMS 0x00000000efb00000, 0x00000000efb00000| Complete 
| 252|0x00000000efc00000, 0x00000000efd00000, 0x00000000efd00000|100%| E|CS|TAMS 0x00000000efc00000, 0x00000000efc00000| Complete 
| 253|0x00000000efd00000, 0x00000000efe00000, 0x00000000efe00000|100%| E|CS|TAMS 0x00000000efd00000, 0x00000000efd00000| Complete 
| 254|0x00000000efe00000, 0x00000000eff00000, 0x00000000eff00000|100%| E|CS|TAMS 0x00000000efe00000, 0x00000000efe00000| Complete 
| 255|0x00000000eff00000, 0x00000000f0000000, 0x00000000f0000000|100%| E|CS|TAMS 0x00000000eff00000, 0x00000000eff00000| Complete 

Card table byte_map: [0x00000177a0b20000,0x00000177a0c20000] _byte_map_base: 0x00000177a0420000

Marking Bits (Prev, Next): (CMBitMap*) 0x0000017789315c68, (CMBitMap*) 0x0000017789315ca8
 Prev Bits: [0x00000177a0d20000, 0x00000177a1520000)
 Next Bits: [0x00000177a1520000, 0x00000177a1d20000)

Polling page: 0x00000177872e0000

Metaspace:

Usage:
  Non-class:     40.68 MB capacity,    39.85 MB ( 98%) used,   756.07 KB (  2%) free+waste,    91.63 KB ( <1%) overhead. 
      Class:      6.66 MB capacity,     6.16 MB ( 92%) used,   468.50 KB (  7%) free+waste,    45.13 KB ( <1%) overhead. 
       Both:     47.33 MB capacity,    46.01 MB ( 97%) used,     1.20 MB (  3%) free+waste,   136.75 KB ( <1%) overhead. 

Virtual space:
  Non-class space:       42.00 MB reserved,      40.75 MB ( 97%) committed 
      Class space:      248.00 MB reserved,       6.75 MB (  3%) committed 
             Both:      290.00 MB reserved,      47.50 MB ( 16%) committed 

Chunk freelists:
   Non-Class:  1.25 KB
       Class:  0 bytes
        Both:  1.25 KB

CodeHeap 'non-profiled nmethods': size=120000Kb used=2876Kb max_used=2876Kb free=117123Kb
 bounds [0x00000177991c0000, 0x0000017799490000, 0x00000177a06f0000]
CodeHeap 'profiled nmethods': size=120000Kb used=10704Kb max_used=10704Kb free=109295Kb
 bounds [0x0000017791c90000, 0x0000017792710000, 0x00000177991c0000]
CodeHeap 'non-nmethods': size=5760Kb used=2261Kb max_used=2300Kb free=3498Kb
 bounds [0x00000177916f0000, 0x0000017791960000, 0x0000017791c90000]
 total_blobs=7037 nmethods=4716 adapters=740
 compilation: enabled
              stopped_count=0, restarted_count=0
 full_count=0

Compilation events (10 events):
Event: 17.684 Thread 0x00000177a4794800 5042       3       com.google.common.collect.ImmutableSet$Builder::<init> (6 bytes)
Event: 17.684 Thread 0x00000177a4794800 nmethod 5042 0x00000177926df910 code [0x00000177926dfb00, 0x00000177926dfef0]
Event: 17.684 Thread 0x00000177a4794800 5043       3       com.google.common.collect.Sets$ImprovedAbstractSet::<init> (5 bytes)
Event: 17.685 Thread 0x00000177a4794800 nmethod 5043 0x00000177926e0010 code [0x00000177926e01e0, 0x00000177926e0478]
Event: 17.685 Thread 0x00000177a4794800 5044       3       com.google.common.collect.AbstractSetMultimap::get (9 bytes)
Event: 17.685 Thread 0x00000177a4794800 nmethod 5044 0x00000177926e0590 code [0x00000177926e07c0, 0x00000177926e1070]
Event: 17.685 Thread 0x00000177a4794800 5045       3       com.google.common.collect.AbstractSetMultimap::wrapCollection (14 bytes)
Event: 17.686 Thread 0x00000177a4794800 nmethod 5045 0x00000177926e1290 code [0x00000177926e1480, 0x00000177926e18b0]
Event: 17.686 Thread 0x00000177a4794800 5046       3       com.google.common.collect.AbstractMapBasedMultimap$WrappedSet::<init> (14 bytes)
Event: 17.686 Thread 0x00000177a4794800 nmethod 5046 0x00000177926e1a10 code [0x00000177926e1be0, 0x00000177926e1df0]

GC Heap History (8 events):
Event: 1.584 GC heap before
{Heap before GC invocations=0 (full 0):
 garbage-first heap   total 262144K, used 29696K [0x00000000e0000000, 0x0000000100000000)
  region size 1024K, 24 young (24576K), 0 survivors (0K)
 Metaspace       used 3798K, capacity 6644K, committed 6656K, reserved 262144K
  class space    used 496K, capacity 766K, committed 768K, reserved 253952K
}
Event: 1.590 GC heap after
{Heap after GC invocations=1 (full 0):
 garbage-first heap   total 262144K, used 9042K [0x00000000e0000000, 0x0000000100000000)
  region size 1024K, 3 young (3072K), 3 survivors (3072K)
 Metaspace       used 3798K, capacity 6644K, committed 6656K, reserved 262144K
  class space    used 496K, capacity 766K, committed 768K, reserved 253952K
}
Event: 6.717 GC heap before
{Heap before GC invocations=1 (full 0):
 garbage-first heap   total 262144K, used 132946K [0x00000000e0000000, 0x0000000100000000)
  region size 1024K, 126 young (129024K), 3 survivors (3072K)
 Metaspace       used 20506K, capacity 21098K, committed 21248K, reserved 272384K
  class space    used 2872K, capacity 3044K, committed 3072K, reserved 253952K
}
Event: 6.740 GC heap after
{Heap after GC invocations=2 (full 0):
 garbage-first heap   total 262144K, used 18945K [0x00000000e0000000, 0x0000000100000000)
  region size 1024K, 13 young (13312K), 13 survivors (13312K)
 Metaspace       used 20506K, capacity 21098K, committed 21248K, reserved 272384K
  class space    used 2872K, capacity 3044K, committed 3072K, reserved 253952K
}
Event: 12.402 GC heap before
{Heap before GC invocations=3 (full 0):
 garbage-first heap   total 262144K, used 99841K [0x00000000e0000000, 0x0000000100000000)
  region size 1024K, 90 young (92160K), 13 survivors (13312K)
 Metaspace       used 28443K, capacity 29284K, committed 29568K, reserved 280576K
  class space    used 3861K, capacity 4150K, committed 4224K, reserved 253952K
}
Event: 12.427 GC heap after
{Heap after GC invocations=4 (full 0):
 garbage-first heap   total 262144K, used 23859K [0x00000000e0000000, 0x0000000100000000)
  region size 1024K, 6 young (6144K), 6 survivors (6144K)
 Metaspace       used 28443K, capacity 29284K, committed 29568K, reserved 280576K
  class space    used 3861K, capacity 4150K, committed 4224K, reserved 253952K
}
Event: 14.702 GC heap before
{Heap before GC invocations=4 (full 0):
 garbage-first heap   total 262144K, used 106803K [0x00000000e0000000, 0x0000000100000000)
  region size 1024K, 87 young (89088K), 6 survivors (6144K)
 Metaspace       used 34505K, capacity 35438K, committed 35584K, reserved 284672K
  class space    used 4703K, capacity 5028K, committed 5120K, reserved 253952K
}
Event: 14.721 GC heap after
{Heap after GC invocations=5 (full 0):
 garbage-first heap   total 262144K, used 33570K [0x00000000e0000000, 0x0000000100000000)
  region size 1024K, 13 young (13312K), 13 survivors (13312K)
 Metaspace       used 34505K, capacity 35438K, committed 35584K, reserved 284672K
  class space    used 4703K, capacity 5028K, committed 5120K, reserved 253952K
}

Deoptimization events (10 events):
Event: 17.100 Thread 0x00000177a6a4a000 Uncommon trap: reason=bimorphic_or_optimized_type_check action=maybe_recompile pc=0x0000017799467d88 method=java.util.Hashtable.put(Ljava/lang/Object;Ljava/lang/Object;)Ljava/lang/Object; @ 18 c2
Event: 17.100 Thread 0x00000177a6a4a000 Uncommon trap: reason=bimorphic_or_optimized_type_check action=maybe_recompile pc=0x0000017799467d88 method=java.util.Hashtable.put(Ljava/lang/Object;Ljava/lang/Object;)Ljava/lang/Object; @ 18 c2
Event: 17.134 Thread 0x00000177a6a4a000 Uncommon trap: reason=unstable_if action=reinterpret pc=0x000001779925bb08 method=java.lang.String.replace(CC)Ljava/lang/String; @ 2 c2
Event: 17.141 Thread 0x00000177a6a4a000 Uncommon trap: reason=unstable_if action=reinterpret pc=0x0000017799379134 method=groovy.lang.MetaClassImpl.checkIfStdMethod(Lgroovy/lang/MetaMethod;)V @ 55 c2
Event: 17.142 Thread 0x00000177a6a4a000 Uncommon trap: reason=unstable_if action=reinterpret pc=0x0000017799469d2c method=org.codehaus.groovy.runtime.metaclass.MetaMethodIndex.copyNonPrivateNonNewMetaMethods(Lorg/codehaus/groovy/runtime/metaclass/MetaMethodIndex$Entry;Lorg/codehaus/groovy/runti
Event: 17.143 Thread 0x00000177a6a4a000 Uncommon trap: reason=unstable_if action=reinterpret pc=0x0000017799350094 method=groovy.lang.MetaClassImpl$1MOPIter.methodNameAction(Ljava/lang/Class;Lorg/codehaus/groovy/runtime/metaclass/MetaMethodIndex$Entry;)V @ 182 c2
Event: 17.190 Thread 0x00000177a6a4a000 Uncommon trap: reason=bimorphic_or_optimized_type_check action=maybe_recompile pc=0x00000177992d3620 method=java.util.AbstractCollection.addAll(Ljava/util/Collection;)Z @ 29 c2
Event: 17.504 Thread 0x00000177a6a4a000 Uncommon trap: reason=unstable_if action=reinterpret pc=0x0000017799363148 method=org.codehaus.groovy.runtime.metaclass.MetaMethodIndex.addMethodToList(Ljava/lang/Object;Lgroovy/lang/MetaMethod;)Ljava/lang/Object; @ 256 c2
Event: 17.568 Thread 0x00000177a6a4a000 Uncommon trap: reason=unstable_if action=reinterpret pc=0x000001779936bbec method=java.util.HashMap.putVal(ILjava/lang/Object;Ljava/lang/Object;ZZ)Ljava/lang/Object; @ 109 c2
Event: 17.568 Thread 0x00000177a6a4a000 Uncommon trap: reason=unstable_if action=reinterpret pc=0x00000177992259d0 method=java.util.HashMap.resize()[Ljava/util/HashMap$Node; @ 203 c2

Classes redefined (0 events):
No events

Internal exceptions (10 events):
Event: 17.510 Thread 0x00000177a6a4a000 Exception <a 'java/lang/ClassNotFoundException'{0x00000000e8561868}: org/gradle/api/internal/artifacts/dependencies/AbstractExternalModuleDependencyBeanInfo> (0x00000000e8561868) thrown at [t:/workspace/open/src/hotspot/share/classfile/systemDictionary.cp
Event: 17.511 Thread 0x00000177a6a4a000 Exception <a 'java/lang/ClassNotFoundException'{0x00000000e858cb10}: org/gradle/api/internal/artifacts/dependencies/AbstractModuleDependencyBeanInfo> (0x00000000e858cb10) thrown at [t:/workspace/open/src/hotspot/share/classfile/systemDictionary.cpp, line 
Event: 17.512 Thread 0x00000177a6a4a000 Exception <a 'java/lang/ClassNotFoundException'{0x00000000e85b5e70}: org/gradle/api/internal/artifacts/dependencies/AbstractDependencyBeanInfo> (0x00000000e85b5e70) thrown at [t:/workspace/open/src/hotspot/share/classfile/systemDictionary.cpp, line 235]
Event: 17.514 Thread 0x00000177a6a4a000 Exception <a 'java/lang/ClassNotFoundException'{0x00000000e85e0d60}: org/gradle/api/internal/artifacts/dependencies/AbstractDependencyCustomizer> (0x00000000e85e0d60) thrown at [t:/workspace/open/src/hotspot/share/classfile/systemDictionary.cpp, line 235]
Event: 17.515 Thread 0x00000177a6a4a000 Exception <a 'java/lang/ClassNotFoundException'{0x00000000e840f828}: org/gradle/api/internal/artifacts/dependencies/AbstractModuleDependencyCustomizer> (0x00000000e840f828) thrown at [t:/workspace/open/src/hotspot/share/classfile/systemDictionary.cpp, lin
Event: 17.518 Thread 0x00000177a6a4a000 Exception <a 'java/lang/ClassNotFoundException'{0x00000000e8462ac0}: org/gradle/api/internal/artifacts/dependencies/AbstractExternalModuleDependencyCustomizer> (0x00000000e8462ac0) thrown at [t:/workspace/open/src/hotspot/share/classfile/systemDictionary.
Event: 17.520 Thread 0x00000177a6a4a000 Exception <a 'java/lang/ClassNotFoundException'{0x00000000e84acb00}: org/gradle/api/internal/artifacts/dependencies/DefaultExternalModuleDependencyCustomizer> (0x00000000e84acb00) thrown at [t:/workspace/open/src/hotspot/share/classfile/systemDictionary.c
Event: 17.522 Thread 0x00000177a6a4a000 Exception <a 'java/lang/ClassNotFoundException'{0x00000000e84f5818}: org/gradle/api/internal/artifacts/dependencies/DefaultExternalModuleDependency_DecoratedCustomizer> (0x00000000e84f5818) thrown at [t:/workspace/open/src/hotspot/share/classfile/systemDi
Event: 17.625 Thread 0x00000177a6a4a000 Exception <a 'java/lang/NoSuchMethodError'{0x00000000e801e0b8}: java.lang.invoke.Invokers$Holder.linkToTargetMethod(Ljava/lang/Object;ILjava/lang/Object;)Ljava/lang/Object;> (0x00000000e801e0b8) thrown at [t:/workspace/open/src/hotspot/share/interpreter/l
Event: 17.674 Thread 0x00000177a6a4a000 Exception <a 'java/lang/NoSuchMethodError'{0x00000000e7f85878}: java.lang.invoke.DirectMethodHandle$Holder.invokeInterface(Ljava/lang/Object;Ljava/lang/Object;Ljava/lang/Object;Ljava/lang/Object;)I> (0x00000000e7f85878) thrown at [t:/workspace/open/src/ho

Events (10 events):
Event: 17.679 loading class com/google/common/collect/CompactHashSet
Event: 17.679 loading class com/google/common/collect/CompactHashSet done
Event: 17.683 loading class com/google/common/collect/CompactHashSet$1
Event: 17.683 loading class com/google/common/collect/CompactHashSet$1 done
Event: 17.685 loading class org/gradle/internal/reflect/TypeValidationContext
Event: 17.685 loading class org/gradle/internal/reflect/TypeValidationContext done
Event: 17.685 loading class org/gradle/internal/reflect/TypeValidationContext
Event: 17.685 loading class org/gradle/internal/reflect/TypeValidationContext done
Event: 17.685 loading class org/gradle/api/internal/tasks/properties/DefaultTypeMetadataStore$DefaultPropertyMetadata
Event: 17.685 loading class org/gradle/api/internal/tasks/properties/DefaultTypeMetadataStore$DefaultPropertyMetadata done


Dynamic libraries:
0x00007ff7feb70000 - 0x00007ff7feb7f000 	C:\Program Files\Java\jdk-12.0.1\bin\java.exe
0x00007ffe45ec0000 - 0x00007ffe460a1000 	C:\WINDOWS\SYSTEM32\ntdll.dll
0x00007ffe44e10000 - 0x00007ffe44ec1000 	C:\WINDOWS\System32\KERNEL32.DLL
0x00007ffe430d0000 - 0x00007ffe43343000 	C:\WINDOWS\System32\KERNELBASE.dll
0x00007ffe42690000 - 0x00007ffe42788000 	C:\WINDOWS\System32\ucrtbase.dll
0x00007ffe217b0000 - 0x00007ffe217c8000 	C:\Program Files\Java\jdk-12.0.1\bin\jli.dll
0x00007ffe21900000 - 0x00007ffe21916000 	C:\Program Files\Java\jdk-12.0.1\bin\VCRUNTIME140.dll
0x00007ffe450e0000 - 0x00007ffe45181000 	C:\WINDOWS\System32\ADVAPI32.dll
0x00007ffe45200000 - 0x00007ffe4529e000 	C:\WINDOWS\System32\msvcrt.dll
0x00007ffe437d0000 - 0x00007ffe4382b000 	C:\WINDOWS\System32\sechost.dll
0x00007ffe44ce0000 - 0x00007ffe44e04000 	C:\WINDOWS\System32\RPCRT4.dll
0x00007ffe45760000 - 0x00007ffe458f0000 	C:\WINDOWS\System32\USER32.dll
0x00007ffe425d0000 - 0x00007ffe425f0000 	C:\WINDOWS\System32\win32u.dll
0x00007ffe22880000 - 0x00007ffe22ae9000 	C:\WINDOWS\WinSxS\amd64_microsoft.windows.common-controls_6595b64144ccf1df_6.0.17134.1550_none_d40142657c8ef2c1\COMCTL32.dll
0x00007ffe43380000 - 0x00007ffe433a8000 	C:\WINDOWS\System32\GDI32.dll
0x00007ffe42790000 - 0x00007ffe42922000 	C:\WINDOWS\System32\gdi32full.dll
0x00007ffe433b0000 - 0x00007ffe436d0000 	C:\WINDOWS\System32\combase.dll
0x00007ffe425f0000 - 0x00007ffe4268f000 	C:\WINDOWS\System32\msvcp_win.dll
0x00007ffe43050000 - 0x00007ffe430c9000 	C:\WINDOWS\System32\bcryptPrimitives.dll
0x00007ffe37540000 - 0x00007ffe3754a000 	C:\WINDOWS\SYSTEM32\VERSION.dll
0x00007ffe43350000 - 0x00007ffe4337d000 	C:\WINDOWS\System32\IMM32.DLL
0x00007ffe12250000 - 0x00007ffe122fa000 	C:\Program Files\Java\jdk-12.0.1\bin\msvcp140.dll
0x00007ffdf8770000 - 0x00007ffdf92e4000 	C:\Program Files\Java\jdk-12.0.1\bin\server\jvm.dll
0x00007ffe44ed0000 - 0x00007ffe44ed8000 	C:\WINDOWS\System32\PSAPI.DLL
0x00007ffe37ba0000 - 0x00007ffe37bc3000 	C:\WINDOWS\SYSTEM32\WINMM.dll
0x00007ffe33930000 - 0x00007ffe33939000 	C:\WINDOWS\SYSTEM32\WSOCK32.dll
0x00007ffe45190000 - 0x00007ffe451fc000 	C:\WINDOWS\System32\WS2_32.dll
0x00007ffe37990000 - 0x00007ffe379ba000 	C:\WINDOWS\SYSTEM32\winmmbase.dll
0x00007ffe42390000 - 0x00007ffe423d9000 	C:\WINDOWS\System32\cfgmgr32.dll
0x00007ffe421c0000 - 0x00007ffe421d1000 	C:\WINDOWS\System32\kernel.appcore.dll
0x00007ffe21190000 - 0x00007ffe211a1000 	C:\Program Files\Java\jdk-12.0.1\bin\verify.dll
0x00007ffe3b280000 - 0x00007ffe3b449000 	C:\WINDOWS\SYSTEM32\DBGHELP.DLL
0x00007ffe3b110000 - 0x00007ffe3b139000 	C:\WINDOWS\SYSTEM32\dbgcore.DLL
0x00007ffe15db0000 - 0x00007ffe15dd6000 	C:\Program Files\Java\jdk-12.0.1\bin\java.dll
0x00007ffe200b0000 - 0x00007ffe200c7000 	C:\Program Files\Java\jdk-12.0.1\bin\zip.dll
0x00007ffe2fa90000 - 0x00007ffe2fa9a000 	C:\Program Files\Java\jdk-12.0.1\bin\jimage.dll
0x00007ffe43890000 - 0x00007ffe44cd5000 	C:\WINDOWS\System32\SHELL32.dll
0x00007ffe452a0000 - 0x00007ffe45349000 	C:\WINDOWS\System32\shcore.dll
0x00007ffe42930000 - 0x00007ffe43041000 	C:\WINDOWS\System32\windows.storage.dll
0x00007ffe43830000 - 0x00007ffe43881000 	C:\WINDOWS\System32\shlwapi.dll
0x00007ffe421f0000 - 0x00007ffe4220f000 	C:\WINDOWS\System32\profapi.dll
0x00007ffe42210000 - 0x00007ffe4225c000 	C:\WINDOWS\System32\powrprof.dll
0x00007ffe421e0000 - 0x00007ffe421ea000 	C:\WINDOWS\System32\FLTLIB.DLL
0x00007ffe1ca30000 - 0x00007ffe1ca49000 	C:\Program Files\Java\jdk-12.0.1\bin\net.dll
0x00007ffe3db40000 - 0x00007ffe3dc1d000 	C:\WINDOWS\SYSTEM32\WINHTTP.dll
0x00007ffe38ba0000 - 0x00007ffe38d6c000 	C:\WINDOWS\SYSTEM32\urlmon.dll
0x00007ffe32f50000 - 0x00007ffe331f7000 	C:\WINDOWS\SYSTEM32\iertutil.dll
0x00007ffe41c10000 - 0x00007ffe41c1b000 	C:\WINDOWS\SYSTEM32\CRYPTBASE.DLL
0x00007ffe41a40000 - 0x00007ffe41aa6000 	C:\WINDOWS\system32\mswsock.dll
0x00007ffe1c3a0000 - 0x00007ffe1c3b3000 	C:\Program Files\Java\jdk-12.0.1\bin\nio.dll
0x00007ffe15d80000 - 0x00007ffe15da6000 	C:\Users\M\.gradle\native\30\windows-amd64\native-platform.dll
0x00007ffe2c590000 - 0x00007ffe2c599000 	C:\Program Files\Java\jdk-12.0.1\bin\management.dll
0x00007ffe2a860000 - 0x00007ffe2a86c000 	C:\Program Files\Java\jdk-12.0.1\bin\management_ext.dll
0x00007ffe41bf0000 - 0x00007ffe41c07000 	C:\WINDOWS\SYSTEM32\CRYPTSP.dll
0x00007ffe415f0000 - 0x00007ffe41623000 	C:\WINDOWS\system32\rsaenh.dll
0x00007ffe41d20000 - 0x00007ffe41d45000 	C:\WINDOWS\SYSTEM32\bcrypt.dll
0x00007ffe420c0000 - 0x00007ffe420e8000 	C:\WINDOWS\SYSTEM32\USERENV.dll
0x00007ffe41790000 - 0x00007ffe417c8000 	C:\WINDOWS\SYSTEM32\IPHLPAPI.DLL
0x00007ffe436d0000 - 0x00007ffe436d8000 	C:\WINDOWS\System32\NSI.dll
0x00007ffe3b850000 - 0x00007ffe3b866000 	C:\WINDOWS\SYSTEM32\dhcpcsvc6.DLL
0x00007ffe3b580000 - 0x00007ffe3b59a000 	C:\WINDOWS\SYSTEM32\dhcpcsvc.DLL

dbghelp: loaded successfully - version: 4.0.5 - missing functions: none
symbol engine: initialized successfully - sym options: 0x614 - pdb path: .;C:\Program Files\Java\jdk-12.0.1\bin;C:\WINDOWS\SYSTEM32;C:\WINDOWS\WinSxS\amd64_microsoft.windows.common-controls_6595b64144ccf1df_6.0.17134.1550_none_d40142657c8ef2c1;C:\Program Files\Java\jdk-12.0.1\bin\server;C:\Users\M\.gradle\native\30\windows-amd64

VM Arguments:
jvm_args: --add-opens=java.base/java.util=ALL-UNNAMED --add-opens=java.base/java.lang=ALL-UNNAMED --add-opens=java.base/java.lang.invoke=ALL-UNNAMED --add-opens=java.prefs/java.util.prefs=ALL-UNNAMED -XX:MaxMetaspaceSize=256m -XX:+HeapDumpOnOutOfMemoryError -Xms256m -Xmx512m -Dfile.encoding=x-windows-949 -Duser.country=KR -Duser.language=ko -Duser.variant 
java_command: org.gradle.launcher.daemon.bootstrap.GradleDaemon 6.0.1
java_class_path (initial): C:\Users\M\.gradle\wrapper\dists\gradle-6.0.1-all\99d3u8wxs16ndehh90lbbir67\gradle-6.0.1\lib\gradle-launcher-6.0.1.jar
Launcher Type: SUN_STANDARD

[Global flags]
     intx CICompilerCount                          = 4                                         {product} {ergonomic}
   size_t CompressedClassSpaceSize                 = 260046848                                 {product} {ergonomic}
     uint ConcGCThreads                            = 2                                         {product} {ergonomic}
     uint G1ConcRefinementThreads                  = 8                                         {product} {ergonomic}
   size_t G1HeapRegionSize                         = 1048576                                   {product} {ergonomic}
    uintx GCDrainStackTargetSize                   = 64                                        {product} {ergonomic}
     bool HeapDumpOnOutOfMemoryError               = true                                   {manageable} {command line}
   size_t InitialHeapSize                          = 268435456                                 {product} {command line}
   size_t MarkStackSize                            = 4194304                                   {product} {ergonomic}
   size_t MaxHeapSize                              = 536870912                                 {product} {command line}
   size_t MaxMetaspaceSize                         = 268435456                                 {product} {command line}
   size_t MaxNewSize                               = 321912832                                 {product} {ergonomic}
   size_t MinHeapDeltaBytes                        = 1048576                                   {product} {ergonomic}
    uintx NonNMethodCodeHeapSize                   = 5836300                                {pd product} {ergonomic}
    uintx NonProfiledCodeHeapSize                  = 122910970                              {pd product} {ergonomic}
    uintx ProfiledCodeHeapSize                     = 122910970                              {pd product} {ergonomic}
    uintx ReservedCodeCacheSize                    = 251658240                              {pd product} {ergonomic}
     bool SegmentedCodeCache                       = true                                      {product} {ergonomic}
     bool UseCompressedClassPointers               = true                                 {lp64_product} {ergonomic}
     bool UseCompressedOops                        = true                                 {lp64_product} {ergonomic}
     bool UseG1GC                                  = true                                      {product} {ergonomic}
     bool UseLargePagesIndividualAllocation        = false                                  {pd product} {ergonomic}

Logging:
Log output configuration:
 #0: stdout all=warning uptime,level,tags
 #1: stderr all=off uptime,level,tags

Environment Variables:
JAVA_HOME=C:\Program Files\Java\jdk-12.0.1
CLASSPATH=C:\Users\M\Desktop\application\SampleApp\android\\gradle\wrapper\gradle-wrapper.jar
PATH=C:\Users\M\Desktop\application\SampleApp\android\node_modules\.bin;C:\Users\M\Desktop\application\SampleApp\node_modules\.bin;C:\Users\M\Desktop\application\node_modules\.bin;C:\Users\M\Desktop\node_modules\.bin;C:\Users\M\node_modules\.bin;C:\Users\node_modules\.bin;C:\node_modules\.bin;C:\Program Files\nodejs;C:\Program Files\nodejs\node_modules\npm\node_modules\npm-lifecycle\node-gyp-bin;C:\Users\M\Desktop\application\SampleApp\node_modules\.bin;C:\Users\M\bin;C:\Program Files\Git\mingw64\bin;C:\Program Files\Git\usr\local\bin;C:\Program Files\Git\usr\bin;C:\Program Files\Git\usr\bin;C:\Program Files\Git\mingw64\bin;C:\Program Files\Git\usr\bin;C:\Users\M\bin;C:\Python27;C:\Python27\Scripts;C:\Program Files\Java\jdk-12.0.1\bin;C:\Program Files (x86)\Intel\Intel(R) Management Engine Components\iCLS;C:\WINDOWS\system32;C:\WINDOWS;C:\WINDOWS\System32\Wbem;C:\WINDOWS\System32\WindowsPowerShell\v1.0;C:\Program Files\Git\cmd;C:\Program Files\dotnet;C:\WINDOWS\system32\config\systemprofile\.dnx\bin;C:\Program Files\Microsoft DNX\Dnvm;C:\Program Files\Microsoft SQL Server\130\Tools\Binn;C:\WINDOWS\System32\OpenSSH;C:\Program Files\PuTTY;C:\Program Files\Intel\WiFi\bin;C:\Program Files\Common Files\Intel\WirelessCommon;C:\Program Files\nodejs;C:\ProgramData\chocolatey\bin;C:\Program Files\MySQL\MySQL Shell 8.0\bin;C:\Users\M\AppData\Local\atom\bin;C:\Users\M\AppData\Roaming\npm;C:\Users\M\AppData\Local\Programs\Microsoft VS Code\bin;C:\Users\M\AppData\Local\Android\Sdk\platform-tools;C:\Program Files\Git\usr\bin\vendor_perl;C:\Program Files\Git\usr\bin\core_perl
USERNAME=M
SHELL=C:\Program Files\Git\usr\bin\bash.exe
DISPLAY=needs-to-be-defined
OS=Windows_NT
PROCESSOR_IDENTIFIER=Intel64 Family 6 Model 94 Stepping 3, GenuineIntel



---------------  S Y S T E M  ---------------

OS: Windows 10 , 64 bit Build 17134 (10.0.17134.1425)

CPU:total 8 (initial active 8) (4 cores per cpu, 2 threads per core) family 6 model 94 stepping 3, cmov, cx8, fxsr, mmx, sse, sse2, sse3, ssse3, sse4.1, sse4.2, popcnt, avx, avx2, aes, clmul, erms, rtm, 3dnowpref, lzcnt, ht, tsc, tscinvbit, bmi1, bmi2, adx, fma

Memory: 4k page, system-wide physical 8112M (506M free)
TotalPageFile size 12112M (AvailPageFile size 2M)
current process WorkingSet (physical memory assigned to process): 340M, peak: 342M
current process commit charge ("private bytes"): 475M, peak: 478M

vm_info: Java HotSpot(TM) 64-Bit Server VM (12.0.1+12) for windows-amd64 JRE (12.0.1+12), built on Apr  2 2019 14:02:19 by "mach5one" with MS VC++ 15.5 (VS2017)

END.
